Watching for file changes with StatReloader
Watching for file changes with StatReloader
C:\Users\Thato\ALX Africa\Project_Nexus\alx-project-nexus\DriveNTech\DriveNTech\settings.py changed, reloading.
Watching for file changes with StatReloader
C:\Users\Thato\ALX Africa\Project_Nexus\alx-project-nexus\DriveNTech\DriveNTech\wsgi.py changed, reloading.
Watching for file changes with StatReloader
Watching for file changes with StatReloader
"GET /admin/ HTTP/1.1" 200 16859
"GET /static/admin/css/base.css HTTP/1.1" 304 0
"GET /static/admin/css/dark_mode.css HTTP/1.1" 304 0
"GET /static/admin/css/nav_sidebar.css HTTP/1.1" 304 0
"GET /static/admin/js/theme.js HTTP/1.1" 304 0
"GET /static/admin/css/dashboard.css HTTP/1.1" 304 0
"GET /static/admin/css/responsive.css HTTP/1.1" 304 0
"GET /static/admin/js/nav_sidebar.js HTTP/1.1" 304 0
"GET /static/admin/img/icon-changelink.svg HTTP/1.1" 304 0
"GET /static/admin/img/icon-addlink.svg HTTP/1.1" 304 0
Not Found: /categories/
"GET /categories/ HTTP/1.1" 404 2721
"GET /api/categories/ HTTP/1.1" 200 16347
"GET /static/rest_framework/css/prettify.css HTTP/1.1" 304 0
"GET /static/rest_framework/css/bootstrap-tweaks.css HTTP/1.1" 304 0
"GET /static/rest_framework/css/bootstrap.min.css HTTP/1.1" 304 0
"GET /static/rest_framework/css/default.css HTTP/1.1" 304 0
"GET /static/rest_framework/js/jquery-3.7.1.min.js HTTP/1.1" 304 0
"GET /static/rest_framework/js/ajax-form.js HTTP/1.1" 304 0
"GET /static/rest_framework/js/csrf.js HTTP/1.1" 304 0
"GET /static/rest_framework/js/bootstrap.min.js HTTP/1.1" 304 0
"GET /static/rest_framework/js/default.js HTTP/1.1" 304 0
"GET /static/rest_framework/js/prettify-min.js HTTP/1.1" 304 0
"GET /static/rest_framework/js/load-ajax-form.js HTTP/1.1" 304 0
"GET /static/rest_framework/img/grid.png HTTP/1.1" 304 0
"GET /static/rest_framework/fonts/glyphicons-halflings-regular.woff2 HTTP/1.1" 304 0
"GET /api/categories/ HTTP/1.1" 200 16347
"GET /api/categories/?page=2 HTTP/1.1" 200 16448
"GET /api/categories/ HTTP/1.1" 200 16347
C:\Users\Thato\ALX Africa\Project_Nexus\alx-project-nexus\DriveNTech\DriveNTech\settings.py changed, reloading.
Watching for file changes with StatReloader
C:\Users\Thato\ALX Africa\Project_Nexus\alx-project-nexus\DriveNTech\DriveNTech\settings.py changed, reloading.
Watching for file changes with StatReloader
"GET /api/categories/?page=2 HTTP/1.1" 200 16448
"GET /api/categories/ HTTP/1.1" 200 16347
"GET /api/carts/ HTTP/1.1" 200 15768
"GET /api/categories/ HTTP/1.1" 200 16347
"GET /api/categories/?page=2 HTTP/1.1" 200 16448
"GET /api/categories/ HTTP/1.1" 200 16347
"GET /api/categories/?page=2 HTTP/1.1" 200 16448
"GET /api/categories/ HTTP/1.1" 200 16347
"GET /api/categories/?page=2 HTTP/1.1" 200 16448
"GET /api/categories/ HTTP/1.1" 200 16347
Too Many Requests: /api/categories/
"GET /api/categories/?page=2 HTTP/1.1" 429 13392
"GET /api/categories/?page=2 HTTP/1.1" 200 16448
Watching for file changes with StatReloader
C:\Users\Thato\ALX Africa\Project_Nexus\alx-project-nexus\DriveNTech\DriveNTech\settings.py changed, reloading.
Watching for file changes with StatReloader
C:\Users\Thato\ALX Africa\Project_Nexus\alx-project-nexus\DriveNTech\DriveNTech\settings.py changed, reloading.
Watching for file changes with StatReloader
Watching for file changes with StatReloader
Not Found: /api/categories/1/
"GET /api/categories/1/ HTTP/1.1" 404 14308
"GET /api/categories/ HTTP/1.1" 200 16347
"GET /api/categories/?page=2 HTTP/1.1" 200 16448
"GET /api/carts/ HTTP/1.1" 200 15768
Watching for file changes with StatReloader
"GET /admin/ HTTP/1.1" 200 16859
"GET /static/admin/css/base.css HTTP/1.1" 304 0
"GET /static/admin/js/theme.js HTTP/1.1" 304 0
"GET /static/admin/css/responsive.css HTTP/1.1" 304 0
"GET /static/admin/css/dashboard.css HTTP/1.1" 304 0
"GET /static/admin/css/nav_sidebar.css HTTP/1.1" 304 0
"GET /static/admin/css/dark_mode.css HTTP/1.1" 304 0
"GET /static/admin/img/icon-changelink.svg HTTP/1.1" 304 0
"GET /static/admin/img/icon-addlink.svg HTTP/1.1" 304 0
"GET /static/admin/js/nav_sidebar.js HTTP/1.1" 304 0
C:\Users\Thato\ALX Africa\Project_Nexus\alx-project-nexus\DriveNTech\Eco_Api\middleware.py changed, reloading.
Watching for file changes with StatReloader
C:\Users\Thato\ALX Africa\Project_Nexus\alx-project-nexus\DriveNTech\DriveNTech\settings.py changed, reloading.
Watching for file changes with StatReloader
C:\Users\Thato\ALX Africa\Project_Nexus\alx-project-nexus\DriveNTech\DriveNTech\settings.py changed, reloading.
Watching for file changes with StatReloader
C:\Users\Thato\ALX Africa\Project_Nexus\alx-project-nexus\DriveNTech\DriveNTech\settings.py changed, reloading.
Watching for file changes with StatReloader
Watching for file changes with StatReloader
"GET /admin/ HTTP/1.1" 200 16859
"GET /api/customers/ HTTP/1.1" 200 16708
"GET /static/rest_framework/css/bootstrap-tweaks.css HTTP/1.1" 304 0
"GET /static/rest_framework/css/bootstrap.min.css HTTP/1.1" 304 0
"GET /static/rest_framework/js/csrf.js HTTP/1.1" 304 0
"GET /static/rest_framework/js/bootstrap.min.js HTTP/1.1" 304 0
"GET /static/rest_framework/css/default.css HTTP/1.1" 304 0
"GET /static/rest_framework/css/prettify.css HTTP/1.1" 304 0
"GET /static/rest_framework/js/prettify-min.js HTTP/1.1" 304 0
"GET /static/rest_framework/js/default.js HTTP/1.1" 304 0
"GET /static/rest_framework/js/jquery-3.7.1.min.js HTTP/1.1" 304 0
"GET /static/rest_framework/js/ajax-form.js HTTP/1.1" 304 0
"GET /static/rest_framework/js/load-ajax-form.js HTTP/1.1" 304 0
"GET /static/rest_framework/img/grid.png HTTP/1.1" 304 0
"GET /static/rest_framework/fonts/glyphicons-halflings-regular.woff2 HTTP/1.1" 304 0
"POST /api/customers/ HTTP/1.1" 201 14392
"GET /api/customers/ HTTP/1.1" 200 17029
"GET /admin/ HTTP/1.1" 200 16859
"GET /admin/Eco_Api/customer/ HTTP/1.1" 200 15968
"GET /static/admin/css/changelists.css HTTP/1.1" 304 0
"GET /static/admin/js/vendor/jquery/jquery.js HTTP/1.1" 304 0
"GET /static/admin/js/actions.js HTTP/1.1" 304 0
"GET /static/admin/js/urlify.js HTTP/1.1" 304 0
"GET /static/admin/js/jquery.init.js HTTP/1.1" 304 0
"GET /static/admin/js/core.js HTTP/1.1" 304 0
"GET /static/admin/js/vendor/xregexp/xregexp.js HTTP/1.1" 304 0
"GET /static/admin/js/admin/RelatedObjectLookups.js HTTP/1.1" 304 0
"GET /static/admin/js/prepopulate.js HTTP/1.1" 304 0
"GET /static/admin/js/filters.js HTTP/1.1" 304 0
"GET /admin/jsi18n/ HTTP/1.1" 200 3342
"GET /static/admin/img/tooltag-add.svg HTTP/1.1" 304 0
"GET /admin/Eco_Api/customer/1/change/ HTTP/1.1" 200 18665
"GET /static/admin/css/forms.css HTTP/1.1" 304 0
"GET /static/admin/js/prepopulate_init.js HTTP/1.1" 304 0
"GET /admin/jsi18n/ HTTP/1.1" 200 3342
"GET /static/admin/css/widgets.css HTTP/1.1" 304 0
"GET /static/admin/img/icon-viewlink.svg HTTP/1.1" 304 0
"GET /static/admin/js/change_form.js HTTP/1.1" 304 0
"GET /admin/ HTTP/1.1" 200 16859
"GET /admin/Eco_Api/cart/ HTTP/1.1" 200 15928
"GET /admin/jsi18n/ HTTP/1.1" 200 3342
"GET /admin/Eco_Api/cart/add/ HTTP/1.1" 200 16447
"GET /admin/jsi18n/ HTTP/1.1" 200 3342
"GET /admin/Eco_Api/cart/ HTTP/1.1" 200 15928
"GET /admin/ HTTP/1.1" 200 16859
C:\Users\Thato\ALX Africa\Project_Nexus\alx-project-nexus\DriveNTech\Eco_Api\middleware.py changed, reloading.
Watching for file changes with StatReloader
Watching for file changes with StatReloader
C:\Users\Thato\ALX Africa\Project_Nexus\alx-project-nexus\DriveNTech\Eco_Api\views.py changed, reloading.
Watching for file changes with StatReloader
C:\Users\Thato\ALX Africa\Project_Nexus\alx-project-nexus\DriveNTech\Eco_Api\views.py changed, reloading.
Watching for file changes with StatReloader
C:\Users\Thato\ALX Africa\Project_Nexus\alx-project-nexus\DriveNTech\Eco_Api\views.py changed, reloading.
Watching for file changes with StatReloader
Watching for file changes with StatReloader
Watching for file changes with StatReloader
Watching for file changes with StatReloader
C:\Users\Thato\ALX Africa\Project_Nexus\alx-project-nexus\DriveNTech\Eco_Api\permissions.py changed, reloading.
Watching for file changes with StatReloader
Watching for file changes with StatReloader
"GET /admin/ HTTP/1.1" 200 18898
"GET /api/swagger/ HTTP/1.1" 200 1648
"GET /static/drf-yasg/swagger-ui-dist/swagger-ui.css HTTP/1.1" 304 0
"GET /static/drf-yasg/swagger-ui-dist/swagger-ui-bundle.js HTTP/1.1" 304 0
"GET /static/drf-yasg/immutable.min.js HTTP/1.1" 304 0
"GET /static/drf-yasg/style.css HTTP/1.1" 304 0
"GET /static/drf-yasg/swagger-ui-init.js HTTP/1.1" 304 0
"GET /static/drf-yasg/swagger-ui-dist/swagger-ui-standalone-preset.js HTTP/1.1" 304 0
"GET /static/drf-yasg/insQ.min.js HTTP/1.1" 304 0
"GET /api/swagger/?format=openapi HTTP/1.1" 200 18730
C:\Users\Thato\ALX Africa\Project_Nexus\alx-project-nexus\DriveNTech\DriveNTech\settings.py changed, reloading.
Watching for file changes with StatReloader
C:\Users\Thato\ALX Africa\Project_Nexus\alx-project-nexus\DriveNTech\DriveNTech\settings.py changed, reloading.
Watching for file changes with StatReloader
C:\Users\Thato\ALX Africa\Project_Nexus\alx-project-nexus\DriveNTech\Eco_Api\views.py changed, reloading.
Watching for file changes with StatReloader
C:\Users\Thato\ALX Africa\Project_Nexus\alx-project-nexus\DriveNTech\Eco_Api\views.py changed, reloading.
Watching for file changes with StatReloader
"GET /api/swagger/ HTTP/1.1" 200 1648
"GET /static/drf-yasg/swagger-ui-dist/favicon-32x32.png HTTP/1.1" 304 0
"GET /api/swagger/?format=openapi HTTP/1.1" 200 18730
Not Found: /api/admin/
"GET /api/admin/ HTTP/1.1" 404 6705
"GET /admin/ HTTP/1.1" 200 18898
"GET /static/admin/css/base.css HTTP/1.1" 304 0
"GET /static/admin/js/theme.js HTTP/1.1" 304 0
"GET /static/admin/css/dark_mode.css HTTP/1.1" 304 0
"GET /static/admin/css/nav_sidebar.css HTTP/1.1" 304 0
"GET /static/admin/css/responsive.css HTTP/1.1" 304 0
"GET /static/admin/css/dashboard.css HTTP/1.1" 304 0
"GET /static/admin/js/nav_sidebar.js HTTP/1.1" 304 0
"GET /static/admin/img/icon-changelink.svg HTTP/1.1" 304 0
"GET /static/admin/img/icon-addlink.svg HTTP/1.1" 304 0
"GET /admin/axes/accesslog/ HTTP/1.1" 200 18708
"GET /static/admin/js/actions.js HTTP/1.1" 304 0
"GET /static/admin/css/changelists.css HTTP/1.1" 304 0
"GET /static/admin/js/urlify.js HTTP/1.1" 304 0
"GET /static/admin/js/prepopulate.js HTTP/1.1" 304 0
"GET /static/admin/js/vendor/jquery/jquery.js HTTP/1.1" 304 0
"GET /static/admin/js/jquery.init.js HTTP/1.1" 304 0
"GET /static/admin/js/vendor/xregexp/xregexp.js HTTP/1.1" 304 0
"GET /static/admin/js/core.js HTTP/1.1" 304 0
"GET /static/admin/js/admin/RelatedObjectLookups.js HTTP/1.1" 304 0
"GET /static/admin/img/search.svg HTTP/1.1" 304 0
"GET /static/admin/js/filters.js HTTP/1.1" 304 0
"GET /admin/jsi18n/ HTTP/1.1" 200 3342
"GET /static/admin/img/icon-viewlink.svg HTTP/1.1" 304 0
"GET /admin/ HTTP/1.1" 200 18898
"GET /admin/axes/accessattempt/ HTTP/1.1" 200 17799
"GET /admin/jsi18n/ HTTP/1.1" 200 3342
"GET /admin/ HTTP/1.1" 200 18898
Watching for file changes with StatReloader
"POST /admin/logout/ HTTP/1.1" 301 0
code 400, message Bad request version ('\x8bpH|G÷/üÔ5q')
You're accessing the development server over HTTPS, but it only supports HTTP.
code 400, message Bad request version ('\x02h2\x08http/1.1\x00')
You're accessing the development server over HTTPS, but it only supports HTTP.
code 400, message Bad request version ('ÐÌ%Í±B\x0f\x89®cAª\x15´Qsf\x15·Ø')
You're accessing the development server over HTTPS, but it only supports HTTP.
code 400, message Bad request version ('áÛ\x14A°\x9bÿWIsEà')
You're accessing the development server over HTTPS, but it only supports HTTP.
code 400, message Bad request version ('íóä\x92Ï$Chô')
You're accessing the development server over HTTPS, but it only supports HTTP.
code 400, message Bad HTTP/0.9 request type ('\x16\x03\x01\x06À\x01\x00\x06¼\x03\x03I\x96Í\x17õq£).VÞP`\x88ð\x8c5OÒ"½Ì')
You're accessing the development server over HTTPS, but it only supports HTTP.
code 400, message Bad request version ('úú\x13\x01\x13\x02\x13\x03À+À/À,À0Ì©Ì¨À\x13À\x14\x00\x9c\x00\x9d\x00/\x005\x01\x00\x063')
code 400, message Bad HTTP/0.9 request type ('\x16\x03\x01\x06À\x01\x00\x06¼\x03\x03')
You're accessing the development server over HTTPS, but it only supports HTTP.
You're accessing the development server over HTTPS, but it only supports HTTP.
code 400, message Bad HTTP/0.9 request type ('\x16\x03\x01\x06à\x01\x00\x06Ü\x03\x03¦,õ\x0eÚuV#F¾\x12ÍHxïøi$¹R\x98\x89\x82<%åToå,|ï')
You're accessing the development server over HTTPS, but it only supports HTTP.
code 400, message Bad request version ('\x18\x00p')
You're accessing the development server over HTTPS, but it only supports HTTP.
code 400, message Bad request version ('Ê\x11¤?3g¢Õ\x98\x8eòXd-\x00')
You're accessing the development server over HTTPS, but it only supports HTTP.
code 400, message Bad request version ('\x91RlI¢ÉG\x1a\x8b¼\x81oa/Á7Ïþá')
You're accessing the development server over HTTPS, but it only supports HTTP.
code 400, message Bad request version ('ÊÊ\x13\x01\x13\x02\x13\x03À+À/À,À0Ì©Ì¨À\x13À\x14\x00\x9c\x00\x9d\x00/\x005\x01\x00\x06s')
You're accessing the development server over HTTPS, but it only supports HTTP.
code 400, message Bad request version ('ÊÊ\x13\x01\x13\x02\x13\x03À+À/À,À0Ì©Ì¨À\x13À\x14\x00\x9c\x00\x9d\x00/\x005\x01\x00\x06Sªª\x00\x00\x00')
You're accessing the development server over HTTPS, but it only supports HTTP.
"GET /admin/ HTTP/1.1" 301 0
code 400, message Bad request version ('\x0eº×K')
You're accessing the development server over HTTPS, but it only supports HTTP.
code 400, message Bad request version ('iÈLb\x9dcgùr0')
You're accessing the development server over HTTPS, but it only supports HTTP.
code 400, message Bad request version ('\x02h2\x08http/1.1\x00-\x00\x02\x01\x01\x00')
You're accessing the development server over HTTPS, but it only supports HTTP.
code 400, message Bad request version ('**\x13\x01\x13\x02\x13\x03À+À/À,À0Ì©Ì¨À\x13À\x14\x00\x9c\x00\x9d\x00/\x005\x01\x00\x063')
You're accessing the development server over HTTPS, but it only supports HTTP.
code 400, message Bad request version ('\x02h2\x08http/1.1\x00\x17\x00\x00\x00')
You're accessing the development server over HTTPS, but it only supports HTTP.
code 400, message Bad request version ('¥gQ¹Ì[Y')
You're accessing the development server over HTTPS, but it only supports HTTP.
C:\Users\Thato\ALX Africa\Project_Nexus\alx-project-nexus\DriveNTech\DriveNTech\settings.py changed, reloading.
Watching for file changes with StatReloader
code 400, message Bad request version ('\x97³I(')
You're accessing the development server over HTTPS, but it only supports HTTP.
code 400, message Bad request version ('£')
You're accessing the development server over HTTPS, but it only supports HTTP.
code 400, message Bad request version ('\x8a\x8a\x13\x01\x13\x02\x13\x03À+À/À,À0Ì©Ì¨À\x13À\x14\x00\x9c\x00\x9d\x00/\x005\x01\x00\x06sÚÚ\x00\x00\x00')
You're accessing the development server over HTTPS, but it only supports HTTP.
code 400, message Bad HTTP/0.9 request type ('\x16\x03\x01\x06à\x01\x00\x06Ü\x03\x03v7\x9b\x8dNUL³ìÌ\x9e×ÛPél')
You're accessing the development server over HTTPS, but it only supports HTTP.
code 400, message Bad request version ('úú\x13\x01\x13\x02\x13\x03À+À/À,À0Ì©Ì¨À\x13À\x14\x00\x9c\x00\x9d\x00/\x005\x01\x00\x06sÚÚ\x00\x00\x00\x05\x00\x05\x01\x00\x00\x00\x00\x00')
You're accessing the development server over HTTPS, but it only supports HTTP.
code 400, message Bad request version ('í®g]Ðù1_-,\x05\x07\x84î1ÜBöiU')
You're accessing the development server over HTTPS, but it only supports HTTP.
code 400, message Bad request version ('\x06\x8e')
code 400, message Bad request version ('\x8a\x8a\x13\x01\x13\x02\x13\x03À+À/À,À0Ì©Ì¨À\x13À\x14\x00\x9c\x00\x9d\x00/\x005\x01\x00\x06sjj\x00\x00DÍ\x00\x05\x00\x03\x02h2\x00\x12\x00\x00\x00')
You're accessing the development server over HTTPS, but it only supports HTTP.
You're accessing the development server over HTTPS, but it only supports HTTP.
code 400, message Bad request version ('zz\x13\x01\x13\x02\x13\x03À+À/À,À0Ì©Ì¨À\x13À\x14\x00\x9c\x00\x9d\x00/\x005\x01\x00\x06sÊÊ\x00\x00\x00')
You're accessing the development server over HTTPS, but it only supports HTTP.
code 400, message Bad request version ('\x00\x12\x00\x10\x04\x03\x08\x04\x04\x01\x05\x03\x08\x05\x05\x01\x08\x06\x06\x01\x00')
You're accessing the development server over HTTPS, but it only supports HTTP.
code 400, message Bad request version ('¶\x8c\x98NÙÅâH~;V\x82²%·}\x98HªäRØk\x9fµC\x86\xadÅ¬ôV_ÄÕ2@±;¹é~3\x1bÊ\'"\x895Ð\x11Î\x05\x81B§M\xad')
You're accessing the development server over HTTPS, but it only supports HTTP.
code 400, message Bad request version ('yÆ3\x01©')
You're accessing the development server over HTTPS, but it only supports HTTP.
code 400, message Bad request version ('\x02h2\x08http/1.1\x00')
You're accessing the development server over HTTPS, but it only supports HTTP.
code 400, message Bad request version ('ºº\x13\x01\x13\x02\x13\x03À+À/À,À0Ì©Ì¨À\x13À\x14\x00\x9c\x00\x9d\x00/\x005\x01\x00\x06\x93ºº\x00\x00\x00+\x00\x07\x06')
You're accessing the development server over HTTPS, but it only supports HTTP.
Not Found: /
"GET / HTTP/1.1" 404 2670
Not Found: /favicon.ico
"GET /favicon.ico HTTP/1.1" 404 2721
"GET /admin/ HTTP/1.1" 302 0
"GET /admin/login/?next=/admin/ HTTP/1.1" 200 4173
"GET /static/admin/css/dark_mode.css HTTP/1.1" 200 2808
"GET /static/admin/css/base.css HTTP/1.1" 200 22120
"GET /static/admin/js/theme.js HTTP/1.1" 200 1653
"GET /static/admin/css/responsive.css HTTP/1.1" 200 16565
"GET /static/admin/css/nav_sidebar.css HTTP/1.1" 200 2810
"GET /static/admin/css/login.css HTTP/1.1" 200 951
"GET /static/admin/js/nav_sidebar.js HTTP/1.1" 200 3063
"POST /admin/login/?next=/admin/ HTTP/1.1" 302 0
"GET /admin/ HTTP/1.1" 200 18898
"GET /static/admin/css/dashboard.css HTTP/1.1" 200 441
"GET /static/admin/img/icon-changelink.svg HTTP/1.1" 200 380
"GET /static/admin/img/icon-addlink.svg HTTP/1.1" 200 331
Watching for file changes with StatReloader
"GET /admin/ HTTP/1.1" 200 18898
C:\Users\Thato\ALX Africa\Project_Nexus\alx-project-nexus\DriveNTech\DriveNTech\settings.py changed, reloading.
Watching for file changes with StatReloader
C:\Users\Thato\ALX Africa\Project_Nexus\alx-project-nexus\DriveNTech\DriveNTech\settings.py changed, reloading.
Watching for file changes with StatReloader
code 400, message Bad request version ('zz\x13\x01\x13\x02\x13\x03À+À/À,À0Ì©Ì¨À\x13À\x14\x00\x9c\x00\x9d\x00/\x005\x01\x00\x06')
You're accessing the development server over HTTPS, but it only supports HTTP.
code 400, message Bad request version ('ºº\x13\x01\x13\x02\x13\x03À+À/À,À0Ì©Ì¨À\x13À\x14\x00\x9c\x00\x9d\x00/\x005\x01\x00\x06¥ZZ\x00\x00DÍ\x00\x05\x00\x03\x02h2\x00')
You're accessing the development server over HTTPS, but it only supports HTTP.
code 400, message Bad request version ('jj\x13\x01\x13\x02\x13\x03À+À/À,À0Ì©Ì¨À\x13À\x14\x00\x9c\x00\x9d\x00/\x005\x01\x00\x06e')
You're accessing the development server over HTTPS, but it only supports HTTP.
code 400, message Bad request version ('\x00\x12\x00\x10\x04\x03\x08\x04\x04\x01\x05\x03\x08\x05\x05\x01\x08\x06\x06\x01DÍ\x00\x05\x00\x03\x02h2\x003\x04ï\x04íúú\x00\x01\x00\x11ì\x04À')
You're accessing the development server over HTTPS, but it only supports HTTP.
code 400, message Bad request version ('ê}%\x8bEç=¿Z~ÿXµ\x98®<jÃ\x95\x03Û\x10R^\x18%TJO_#\x05q\x82!\x93ø;ZJ\x98\x88\x04çRyWFÏ/\x91\x83\x81¸1H«4qx[#xA£ê\x80ÃMÙ,u!#6°\x11§ir`x{-')
You're accessing the development server over HTTPS, but it only supports HTTP.
code 400, message Bad request version ('\x00\x12\x00\x10\x04\x03\x08\x04\x04\x01\x05\x03\x08\x05\x05\x01\x08\x06\x06\x01\x00\x12\x00\x00\x00')
You're accessing the development server over HTTPS, but it only supports HTTP.
C:\Users\Thato\ALX Africa\Project_Nexus\alx-project-nexus\DriveNTech\DriveNTech\settings.py changed, reloading.
Watching for file changes with StatReloader
code 400, message Bad request version ('Ã')
code 400, message Bad request version ('ÏÌ;äBH^±ÈN\x89¦E\x19ºn2\x03')
You're accessing the development server over HTTPS, but it only supports HTTP.
You're accessing the development server over HTTPS, but it only supports HTTP.
code 400, message Bad request version ('\x00\x12\x00\x10\x04\x03\x08\x04\x04\x01\x05\x03\x08\x05\x05\x01\x08\x06\x06\x01\x00\x05\x00\x05\x01\x00\x00\x00\x00\x00')
You're accessing the development server over HTTPS, but it only supports HTTP.
code 400, message Bad request syntax ('\x16\x03\x01\x06Ò\x01\x00\x06Î\x03\x03')
You're accessing the development server over HTTPS, but it only supports HTTP.
code 400, message Bad request version ('\x00\x02\x01\x00\x00')
You're accessing the development server over HTTPS, but it only supports HTTP.
code 400, message Bad request version ('::\x13\x01\x13\x02\x13\x03À+À/À,À0Ì©Ì¨À\x13À\x14\x00\x9c\x00\x9d\x00/\x005\x01\x00\x06E\x9a\x9a\x00\x00\x003\x04ï\x04íjj\x00\x01\x00\x11ì\x04Àb5h¶øwrôp\x9a@¾x\x07j\x8cX\x16×d\x8fuÜ(\x88²@¹õ>\x82õ\x8c\x86')
You're accessing the development server over HTTPS, but it only supports HTTP.
C:\Users\Thato\ALX Africa\Project_Nexus\alx-project-nexus\DriveNTech\DriveNTech\settings.py changed, reloading.
Watching for file changes with StatReloader
